talkaround/app/build/outputs/logs/manifest-merger-debug-report.txt
-- Merging decision tree log ---
manifest
ADDED from src\main\AndroidManifest.xml:2:1-153:12
	package
		ADDED from src\main\AndroidManifest.xml:3:5-25
		INJECTED from src\main\AndroidManifest.xml
		INJECTED from src\main\AndroidManifest.xml
	android:versionName
		ADDED from src\main\AndroidManifest.xml:6:5-32
		INJECTED from src\main\AndroidManifest.xml
		INJECTED from src\main\AndroidManifest.xml
	android:versionCode
		ADDED from src\main\AndroidManifest.xml:5:5-29
		INJECTED from src\main\AndroidManifest.xml
		INJECTED from src\main\AndroidManifest.xml
	xmlns:android
		ADDED from src\main\AndroidManifest.xml:2:11-69
	android:installLocation
		ADDED from src\main\AndroidManifest.xml:4:5-35
uses-sdk
ADDED from src\main\AndroidManifest.xml:8:5-10:41
MERGED from [talkaround:nmaps:unspecified] AndroidManifest.xml:7:5-9:41
MERGED from [com.android.support:appcompat-v7:23.0.1] AndroidManifest.xml:20:5-43
MERGED from [com.android.support:support-v4:23.0.1] AndroidManifest.xml:20:5-43
MERGED from [com.android.support.constraint:constraint-layout:1.0.2] AndroidManifest.xml:5:5-7:41
	android:targetSdkVersion
		ADDED from src\main\AndroidManifest.xml:10:9-38
		INJECTED from src\main\AndroidManifest.xml
		INJECTED from src\main\AndroidManifest.xml
	android:minSdkVersion
		ADDED from src\main\AndroidManifest.xml:9:9-34
		INJECTED from src\main\AndroidManifest.xml
		INJECTED from src\main\AndroidManifest.xml
permission#org.mixare.permission.MAPS_RECEIVE
ADDED from src\main\AndroidManifest.xml:12:5-14:47
	android:protectionLevel
		ADDED from src\main\AndroidManifest.xml:14:9-44
	android:name
		ADDED from src\main\AndroidManifest.xml:13:9-58
uses-permission#org.mixare.permission.MAPS_RECEIVE
ADDED from src\main\AndroidManifest.xml:16:5-74
	android:name
		ADDED from src\main\AndroidManifest.xml:16:22-71
uses-permission#android.permission.ACCESS_NETWORK_STATE
ADDED from src\main\AndroidManifest.xml:17:5-79
	android:name
		ADDED from src\main\AndroidManifest.xml:17:22-76
uses-permission#android.permission.ACCESS_FINE_LOCATION
ADDED from src\main\AndroidManifest.xml:18:5-79
	android:name
		ADDED from src\main\AndroidManifest.xml:18:22-76
uses-permission#android.permission.INTERNET
ADDED from src\main\AndroidManifest.xml:19:5-67
	android:name
		ADDED from src\main\AndroidManifest.xml:19:22-64
uses-permission#android.permission.CAMERA
ADDED from src\main\AndroidManifest.xml:20:5-65
	android:name
		ADDED from src\main\AndroidManifest.xml:20:22-62
uses-permission#android.permission.WAKE_LOCK
ADDED from src\main\AndroidManifest.xml:21:5-68
	android:name
		ADDED from src\main\AndroidManifest.xml:21:22-65
uses-permission#android.permission.WRITE_EXTERNAL_STORAGE
ADDED from src\main\AndroidManifest.xml:22:5-81
	android:name
		ADDED from src\main\AndroidManifest.xml:22:22-78
uses-permission#android.permission.READ_PHONE_STATE
ADDED from src\main\AndroidManifest.xml:23:5-75
	android:name
		ADDED from src\main\AndroidManifest.xml:23:22-72
uses-permission#android.permission.READ_EXTERNAL_STORAGE
ADDED from src\main\AndroidManifest.xml:24:5-80
	android:name
		ADDED from src\main\AndroidManifest.xml:24:22-77
uses-permission#com.example.ds.myapplication.permission.MAPS_RECEIVE
ADDED from src\main\AndroidManifest.xml:25:5-92
	android:name
		ADDED from src\main\AndroidManifest.xml:25:22-89
uses-permission#com.google.android.providers.gsf.permission.READ_GSERVICES
ADDED from src\main\AndroidManifest.xml:26:5-98
	android:name
		ADDED from src\main\AndroidManifest.xml:26:22-95
uses-permission#android.permission.ACCESS_COARSE_LOCATION
ADDED from src\main\AndroidManifest.xml:27:5-81
	android:name
		ADDED from src\main\AndroidManifest.xml:27:22-78
uses-feature#android.hardware.camera
ADDED from src\main\AndroidManifest.xml:29:5-60
	android:name
		ADDED from src\main\AndroidManifest.xml:29:19-57
uses-permission#android.hardware.camera.autofocus
ADDED from src\main\AndroidManifest.xml:31:5-73
	android:name
		ADDED from src\main\AndroidManifest.xml:31:22-70
application
ADDED from src\main\AndroidManifest.xml:34:5-151:19
MERGED from [talkaround:nmaps:unspecified] AndroidManifest.xml:11:5-14:19
MERGED from [com.android.support:appcompat-v7:23.0.1] AndroidManifest.xml:22:5-20
MERGED from [com.android.support:support-v4:23.0.1] AndroidManifest.xml:22:5-20
MERGED from [com.android.support.constraint:constraint-layout:1.0.2] AndroidManifest.xml:9:5-20
	android:label
		ADDED from src\main\AndroidManifest.xml:36:9-41
	android:icon
		ADDED from src\main\AndroidManifest.xml:35:9-39
	android:allowBackup
		ADDED from [talkaround:nmaps:unspecified] AndroidManifest.xml:12:9-35
uses-library#com.google.android.maps
ADDED from src\main\AndroidManifest.xml:37:9-64
	android:name
		ADDED from src\main\AndroidManifest.xml:37:23-61
activity#org.mixare.MixView
ADDED from src\main\AndroidManifest.xml:39:9-75:20
	android:screenOrientation
		ADDED from src\main\AndroidManifest.xml:43:13-50
	android:label
		ADDED from src\main\AndroidManifest.xml:41:13-45
	android:launchMode
		ADDED from src\main\AndroidManifest.xml:42:13-43
	android:name
		ADDED from src\main\AndroidManifest.xml:40:13-36
intent-filter#android.intent.action.MAIN+android.intent.category.LAUNCHER
ADDED from src\main\AndroidManifest.xml:44:13-48:29
action#android.intent.action.MAIN
ADDED from src\main\AndroidManifest.xml:45:17-69
	android:name
		ADDED from src\main\AndroidManifest.xml:45:25-66
category#android.intent.category.LAUNCHER
ADDED from src\main\AndroidManifest.xml:47:17-77
	android:name
		ADDED from src\main\AndroidManifest.xml:47:27-74
intent-filter#android.intent.action.VIEW+android.intent.category.BROWSABLE+android.intent.category.DEFAULT
ADDED from src\main\AndroidManifest.xml:49:13-64:29
action#android.intent.action.VIEW
ADDED from src\main\AndroidManifest.xml:50:17-69
	android:name
		ADDED from src\main\AndroidManifest.xml:50:25-66
category#android.intent.category.DEFAULT
ADDED from src\main\AndroidManifest.xml:52:17-76
	android:name
		ADDED from src\main\AndroidManifest.xml:52:27-73
category#android.intent.category.BROWSABLE
ADDED from src\main\AndroidManifest.xml:53:17-78
	android:name
		ADDED from src\main\AndroidManifest.xml:53:27-75
data
ADDED from src\main\AndroidManifest.xml:55:17-57:45
	android:scheme
		ADDED from src\main\AndroidManifest.xml:57:21-42
	android:mimeType
		ADDED from src\main\AndroidManifest.xml:56:21-63
intent-filter#android.intent.action.SEARCH
ADDED from src\main\AndroidManifest.xml:65:13-67:29
action#android.intent.action.SEARCH
ADDED from src\main\AndroidManifest.xml:66:17-71
	android:name
		ADDED from src\main\AndroidManifest.xml:66:25-68
meta-data#android.app.searchable
ADDED from src\main\AndroidManifest.xml:69:13-71:54
	android:resource
		ADDED from src\main\AndroidManifest.xml:71:17-51
	android:name
		ADDED from src\main\AndroidManifest.xml:70:17-54
meta-data#android.app.default_searchable
ADDED from src\main\AndroidManifest.xml:72:13-74:44
	android:value
		ADDED from src\main\AndroidManifest.xml:74:17-41
	android:name
		ADDED from src\main\AndroidManifest.xml:73:17-62
activity#org.mixare.MixListView
ADDED from src\main\AndroidManifest.xml:76:9-87:20
	android:screenOrientation
		ADDED from src\main\AndroidManifest.xml:79:13-50
	android:launchMode
		ADDED from src\main\AndroidManifest.xml:78:13-43
	android:name
		ADDED from src\main\AndroidManifest.xml:77:13-40
activity#org.mixare.MixNaverMap
ADDED from src\main\AndroidManifest.xml:88:9-99:20
	android:screenOrientation
		ADDED from src\main\AndroidManifest.xml:91:13-50
	android:launchMode
		ADDED from src\main\AndroidManifest.xml:90:13-43
	android:name
		ADDED from src\main\AndroidManifest.xml:89:13-40
activity#org.mixare.MakeMemo
ADDED from src\main\AndroidManifest.xml:100:9-112:20
	android:screenOrientation
		ADDED from src\main\AndroidManifest.xml:103:13-50
	android:launchMode
		ADDED from src\main\AndroidManifest.xml:102:13-43
	android:theme
		ADDED from src\main\AndroidManifest.xml:104:13-44
	android:name
		ADDED from src\main\AndroidManifest.xml:101:13-37
activity#org.mixare.ViewMemo
ADDED from src\main\AndroidManifest.xml:113:9-125:20
	android:screenOrientation
		ADDED from src\main\AndroidManifest.xml:116:13-50
	android:launchMode
		ADDED from src\main\AndroidManifest.xml:115:13-43
	android:theme
		ADDED from src\main\AndroidManifest.xml:117:13-44
	android:name
		ADDED from src\main\AndroidManifest.xml:114:13-37
activity#org.mixare.UsageExampleAdapter
ADDED from src\main\AndroidManifest.xml:126:9-137:20
	android:launchMode
		ADDED from src\main\AndroidManifest.xml:128:13-43
	android:theme
		ADDED from src\main\AndroidManifest.xml:129:13-44
	android:name
		ADDED from src\main\AndroidManifest.xml:127:13-48
activity#org.mixare.ViewPic
ADDED from src\main\AndroidManifest.xml:139:9-150:20
	android:screenOrientation
		ADDED from src\main\AndroidManifest.xml:141:13-50
	android:launchMode
		ADDED from src\main\AndroidManifest.xml:140:13-43
	android:theme
		ADDED from src\main\AndroidManifest.xml:142:13-44
	android:name
		ADDED from src\main\AndroidManifest.xml:139:19-42